This file contains any messages produced by compilers while
running configure, to aid debugging if configure makes a mistake.

It was created by libecwj2 configure 3.3, which was
generated by GNU Autoconf 2.59.  Invocation command line was

  $ ./configure CFLAGS=-O0 CXXFLAGS=-O0 --enable-shared --enable-static --prefix=/usr

## --------- ##
## Platform. ##
## --------- ##

hostname = cg44-2
uname -m = x86_64
uname -r = 3.2.0-45-generic
uname -s = Linux
uname -v = #70-Ubuntu SMP Wed May 29 20:12:06 UTC 2013

/usr/bin/uname -p = unknown
/bin/uname -X     = unknown

/bin/arch              = unknown
/usr/bin/arch -k       = unknown
/usr/convex/getsysinfo = unknown
hostinfo               = unknown
/bin/machine           = unknown
/usr/bin/oslevel       = unknown
/bin/universe          = unknown

PATH: /var/makina/circus/bin
PATH: /var/makina/circus/bin
PATH: /usr/local/sbin
PATH: /usr/local/bin
PATH: /usr/sbin
PATH: /usr/bin
PATH: /sbin
PATH: /bin


## ----------- ##
## Core tests. ##
## ----------- ##

configure:1541: checking build system type
configure:1559: result: x86_64-unknown-linux-gnu
configure:1567: checking host system type
configure:1581: result: x86_64-unknown-linux-gnu
configure:1589: checking target system type
configure:1603: result: x86_64-unknown-linux-gnu
configure:1631: checking for a BSD-compatible install
configure:1686: result: /usr/bin/install -c
configure:1697: checking whether build environment is sane
configure:1740: result: yes
configure:1773: checking for gawk
configure:1802: result: no
configure:1773: checking for mawk
configure:1789: found /usr/bin/mawk
configure:1799: result: mawk
configure:1809: checking whether make sets $(MAKE)
configure:1829: result: yes
configure:2045: checking for gcc
configure:2061: found /usr/bin/gcc
configure:2071: result: gcc
configure:2315: checking for C compiler version
configure:2318: gcc --version </dev/null >&5
gcc (Ubuntu/Linaro 4.6.3-1ubuntu5) 4.6.3
Copyright (C) 2011 Free Software Foundation, Inc.
This is free software; see the source for copying conditions.  There is NO
warranty; not even for MERCHANTABILITY or FITNESS FOR A PARTICULAR PURPOSE.

configure:2321: $? = 0
configure:2323: gcc -v </dev/null >&5
Using built-in specs.
COLLECT_GCC=gcc
COLLECT_LTO_WRAPPER=/usr/lib/gcc/x86_64-linux-gnu/4.6/lto-wrapper
Target: x86_64-linux-gnu
Configured with: ../src/configure -v --with-pkgversion='Ubuntu/Linaro 4.6.3-1ubuntu5' --with-bugurl=file:///usr/share/doc/gcc-4.6/README.Bugs --enable-languages=c,c++,fortran,objc,obj-c++ --prefix=/usr --program-suffix=-4.6 --enable-shared --enable-linker-build-id --with-system-zlib --libexecdir=/usr/lib --without-included-gettext --enable-threads=posix --with-gxx-include-dir=/usr/include/c++/4.6 --libdir=/usr/lib --enable-nls --with-sysroot=/ --enable-clocale=gnu --enable-libstdcxx-debug --enable-libstdcxx-time=yes --enable-gnu-unique-object --enable-plugin --enable-objc-gc --disable-werror --with-arch-32=i686 --with-tune=generic --enable-checking=release --build=x86_64-linux-gnu --host=x86_64-linux-gnu --target=x86_64-linux-gnu
Thread model: posix
gcc version 4.6.3 (Ubuntu/Linaro 4.6.3-1ubuntu5) 
configure:2326: $? = 0
configure:2328: gcc -V </dev/null >&5
gcc: error: unrecognized option '-V'
gcc: fatal error: no input files
compilation terminated.
configure:2331: $? = 4
configure:2354: checking for C compiler default output file name
configure:2357: gcc -O0   conftest.c  >&5
configure:2360: $? = 0
configure:2406: result: a.out
configure:2411: checking whether the C compiler works
configure:2417: ./a.out
configure:2420: $? = 0
configure:2437: result: yes
configure:2444: checking whether we are cross compiling
configure:2446: result: no
configure:2449: checking for suffix of executables
configure:2451: gcc -o conftest -O0   conftest.c  >&5
configure:2454: $? = 0
configure:2479: result: 
configure:2485: checking for suffix of object files
configure:2506: gcc -c -O0  conftest.c >&5
configure:2509: $? = 0
configure:2531: result: o
configure:2535: checking whether we are using the GNU C compiler
configure:2559: gcc -c -O0  conftest.c >&5
configure:2565: $? = 0
configure:2568: test -z 			 || test ! -s conftest.err
configure:2571: $? = 0
configure:2574: test -s conftest.o
configure:2577: $? = 0
configure:2590: result: yes
configure:2596: checking whether gcc accepts -g
configure:2617: gcc -c -g  conftest.c >&5
configure:2623: $? = 0
configure:2626: test -z 			 || test ! -s conftest.err
configure:2629: $? = 0
configure:2632: test -s conftest.o
configure:2635: $? = 0
configure:2646: result: yes
configure:2663: checking for gcc option to accept ANSI C
configure:2733: gcc  -c -O0  conftest.c >&5
configure:2739: $? = 0
configure:2742: test -z 			 || test ! -s conftest.err
configure:2745: $? = 0
configure:2748: test -s conftest.o
configure:2751: $? = 0
configure:2769: result: none needed
configure:2787: gcc -c -O0  conftest.c >&5
conftest.c:2:3: error: unknown type name 'choke'
conftest.c:2:3: error: expected '=', ',', ';', 'asm' or '__attribute__' at end of input
configure:2793: $? = 1
configure: failed program was:
| #ifndef __cplusplus
|   choke me
| #endif
configure:2934: checking for style of include used by make
configure:2962: result: GNU
configure:2990: checking dependency style of gcc
configure:3073: result: gcc3
configure:3096: checking how to run the C preprocessor
configure:3131: gcc -E  conftest.c
configure:3137: $? = 0
configure:3169: gcc -E  conftest.c
conftest.c:11:28: fatal error: ac_nonexistent.h: No such file or directory
compilation terminated.
configure:3175: $? = 1
configure: failed program was:
| /* confdefs.h.  */
| 
| #define PACKAGE_NAME "libecwj2"
| #define PACKAGE_TARNAME "libecwj2"
| #define PACKAGE_VERSION "3.3"
| #define PACKAGE_STRING "libecwj2 3.3"
| #define PACKAGE_BUGREPORT ""
| #define PACKAGE "libecwj2"
| #define VERSION "3.3"
| /* end confdefs.h.  */
| #include <ac_nonexistent.h>
configure:3214: result: gcc -E
configure:3238: gcc -E  conftest.c
configure:3244: $? = 0
configure:3276: gcc -E  conftest.c
conftest.c:11:28: fatal error: ac_nonexistent.h: No such file or directory
compilation terminated.
configure:3282: $? = 1
configure: failed program was:
| /* confdefs.h.  */
| 
| #define PACKAGE_NAME "libecwj2"
| #define PACKAGE_TARNAME "libecwj2"
| #define PACKAGE_VERSION "3.3"
| #define PACKAGE_STRING "libecwj2 3.3"
| #define PACKAGE_BUGREPORT ""
| #define PACKAGE "libecwj2"
| #define VERSION "3.3"
| /* end confdefs.h.  */
| #include <ac_nonexistent.h>
configure:3325: checking for a sed that does not truncate output
configure:3379: result: /bin/sed
configure:3382: checking for egrep
configure:3392: result: grep -E
configure:3408: checking for ld used by gcc
configure:3475: result: /usr/bin/ld
configure:3484: checking if the linker (/usr/bin/ld) is GNU ld
configure:3499: result: yes
configure:3576: checking for /usr/bin/ld option to reload object files
configure:3583: result: -r
configure:3592: checking for BSD-compatible nm
configure:3634: result: /usr/bin/nm -B
configure:3638: checking whether ln -s works
configure:3642: result: yes
configure:3649: checking how to recognise dependent libraries
configure:3823: result: pass_all
configure:3908: gcc -c -O0  conftest.c >&5
configure:3911: $? = 0
configure:4032: checking for ANSI C header files
configure:4057: gcc -c -O0  conftest.c >&5
configure:4063: $? = 0
configure:4066: test -z 			 || test ! -s conftest.err
configure:4069: $? = 0
configure:4072: test -s conftest.o
configure:4075: $? = 0
configure:4164: gcc -o conftest -O0   conftest.c  >&5
conftest.c: In function 'main':
conftest.c:28:7: warning: incompatible implicit declaration of built-in function 'exit' [enabled by default]
configure:4167: $? = 0
configure:4169: ./conftest
configure:4172: $? = 0
configure:4187: result: yes
configure:4211: checking for sys/types.h
configure:4227: gcc -c -O0  conftest.c >&5
configure:4233: $? = 0
configure:4236: test -z 			 || test ! -s conftest.err
configure:4239: $? = 0
configure:4242: test -s conftest.o
configure:4245: $? = 0
configure:4256: result: yes
configure:4211: checking for sys/stat.h
configure:4227: gcc -c -O0  conftest.c >&5
configure:4233: $? = 0
configure:4236: test -z 			 || test ! -s conftest.err
configure:4239: $? = 0
configure:4242: test -s conftest.o
configure:4245: $? = 0
configure:4256: result: yes
configure:4211: checking for stdlib.h
configure:4227: gcc -c -O0  conftest.c >&5
configure:4233: $? = 0
configure:4236: test -z 			 || test ! -s conftest.err
configure:4239: $? = 0
configure:4242: test -s conftest.o
configure:4245: $? = 0
configure:4256: result: yes
configure:4211: checking for string.h
configure:4227: gcc -c -O0  conftest.c >&5
configure:4233: $? = 0
configure:4236: test -z 			 || test ! -s conftest.err
configure:4239: $? = 0
configure:4242: test -s conftest.o
configure:4245: $? = 0
configure:4256: result: yes
configure:4211: checking for memory.h
configure:4227: gcc -c -O0  conftest.c >&5
configure:4233: $? = 0
configure:4236: test -z 			 || test ! -s conftest.err
configure:4239: $? = 0
configure:4242: test -s conftest.o
configure:4245: $? = 0
configure:4256: result: yes
configure:4211: checking for strings.h
configure:4227: gcc -c -O0  conftest.c >&5
configure:4233: $? = 0
configure:4236: test -z 			 || test ! -s conftest.err
configure:4239: $? = 0
configure:4242: test -s conftest.o
configure:4245: $? = 0
configure:4256: result: yes
configure:4211: checking for inttypes.h
configure:4227: gcc -c -O0  conftest.c >&5
configure:4233: $? = 0
configure:4236: test -z 			 || test ! -s conftest.err
configure:4239: $? = 0
configure:4242: test -s conftest.o
configure:4245: $? = 0
configure:4256: result: yes
configure:4211: checking for stdint.h
configure:4227: gcc -c -O0  conftest.c >&5
configure:4233: $? = 0
configure:4236: test -z 			 || test ! -s conftest.err
configure:4239: $? = 0
configure:4242: test -s conftest.o
configure:4245: $? = 0
configure:4256: result: yes
configure:4211: checking for unistd.h
configure:4227: gcc -c -O0  conftest.c >&5
configure:4233: $? = 0
configure:4236: test -z 			 || test ! -s conftest.err
configure:4239: $? = 0
configure:4242: test -s conftest.o
configure:4245: $? = 0
configure:4256: result: yes
configure:4282: checking dlfcn.h usability
configure:4294: gcc -c -O0  conftest.c >&5
configure:4300: $? = 0
configure:4303: test -z 			 || test ! -s conftest.err
configure:4306: $? = 0
configure:4309: test -s conftest.o
configure:4312: $? = 0
configure:4322: result: yes
configure:4326: checking dlfcn.h presence
configure:4336: gcc -E  conftest.c
configure:4342: $? = 0
configure:4362: result: yes
configure:4397: checking for dlfcn.h
configure:4404: result: yes
configure:4469: checking for g++
configure:4485: found /usr/bin/g++
configure:4495: result: g++
configure:4511: checking for C++ compiler version
configure:4514: g++ --version </dev/null >&5
g++ (Ubuntu/Linaro 4.6.3-1ubuntu5) 4.6.3
Copyright (C) 2011 Free Software Foundation, Inc.
This is free software; see the source for copying conditions.  There is NO
warranty; not even for MERCHANTABILITY or FITNESS FOR A PARTICULAR PURPOSE.

configure:4517: $? = 0
configure:4519: g++ -v </dev/null >&5
Using built-in specs.
COLLECT_GCC=g++
COLLECT_LTO_WRAPPER=/usr/lib/gcc/x86_64-linux-gnu/4.6/lto-wrapper
Target: x86_64-linux-gnu
Configured with: ../src/configure -v --with-pkgversion='Ubuntu/Linaro 4.6.3-1ubuntu5' --with-bugurl=file:///usr/share/doc/gcc-4.6/README.Bugs --enable-languages=c,c++,fortran,objc,obj-c++ --prefix=/usr --program-suffix=-4.6 --enable-shared --enable-linker-build-id --with-system-zlib --libexecdir=/usr/lib --without-included-gettext --enable-threads=posix --with-gxx-include-dir=/usr/include/c++/4.6 --libdir=/usr/lib --enable-nls --with-sysroot=/ --enable-clocale=gnu --enable-libstdcxx-debug --enable-libstdcxx-time=yes --enable-gnu-unique-object --enable-plugin --enable-objc-gc --disable-werror --with-arch-32=i686 --with-tune=generic --enable-checking=release --build=x86_64-linux-gnu --host=x86_64-linux-gnu --target=x86_64-linux-gnu
Thread model: posix
gcc version 4.6.3 (Ubuntu/Linaro 4.6.3-1ubuntu5) 
configure:4522: $? = 0
configure:4524: g++ -V </dev/null >&5
g++: error: unrecognized option '-V'
g++: fatal error: no input files
compilation terminated.
configure:4527: $? = 4
configure:4530: checking whether we are using the GNU C++ compiler
configure:4554: g++ -c -O0  conftest.cc >&5
configure:4560: $? = 0
configure:4563: test -z 			 || test ! -s conftest.err
configure:4566: $? = 0
configure:4569: test -s conftest.o
configure:4572: $? = 0
configure:4585: result: yes
configure:4591: checking whether g++ accepts -g
configure:4612: g++ -c -g  conftest.cc >&5
configure:4618: $? = 0
configure:4621: test -z 			 || test ! -s conftest.err
configure:4624: $? = 0
configure:4627: test -s conftest.o
configure:4630: $? = 0
configure:4641: result: yes
configure:4683: g++ -c -O0  conftest.cc >&5
configure:4689: $? = 0
configure:4692: test -z 			 || test ! -s conftest.err
configure:4695: $? = 0
configure:4698: test -s conftest.o
configure:4701: $? = 0
configure:4727: g++ -c -O0  conftest.cc >&5
conftest.cc: In function 'int main()':
conftest.cc:26:9: error: 'exit' was not declared in this scope
configure:4733: $? = 1
configure: failed program was:
| /* confdefs.h.  */
| 
| #define PACKAGE_NAME "libecwj2"
| #define PACKAGE_TARNAME "libecwj2"
| #define PACKAGE_VERSION "3.3"
| #define PACKAGE_STRING "libecwj2 3.3"
| #define PACKAGE_BUGREPORT ""
| #define PACKAGE "libecwj2"
| #define VERSION "3.3"
| #define STDC_HEADERS 1
| #define HAVE_SYS_TYPES_H 1
| #define HAVE_SYS_STAT_H 1
| #define HAVE_STDLIB_H 1
| #define HAVE_STRING_H 1
| #define HAVE_MEMORY_H 1
| #define HAVE_STRINGS_H 1
| #define HAVE_INTTYPES_H 1
| #define HAVE_STDINT_H 1
| #define HAVE_UNISTD_H 1
| #define HAVE_DLFCN_H 1
| /* end confdefs.h.  */
| 
| int
| main ()
| {
| exit (42);
|   ;
|   return 0;
| }
configure:4683: g++ -c -O0  conftest.cc >&5
conftest.cc:22:40: error: 'void std::exit(int)' should have been declared inside 'std'
configure:4689: $? = 1
configure: failed program was:
| /* confdefs.h.  */
| 
| #define PACKAGE_NAME "libecwj2"
| #define PACKAGE_TARNAME "libecwj2"
| #define PACKAGE_VERSION "3.3"
| #define PACKAGE_STRING "libecwj2 3.3"
| #define PACKAGE_BUGREPORT ""
| #define PACKAGE "libecwj2"
| #define VERSION "3.3"
| #define STDC_HEADERS 1
| #define HAVE_SYS_TYPES_H 1
| #define HAVE_SYS_STAT_H 1
| #define HAVE_STDLIB_H 1
| #define HAVE_STRING_H 1
| #define HAVE_MEMORY_H 1
| #define HAVE_STRINGS_H 1
| #define HAVE_INTTYPES_H 1
| #define HAVE_STDINT_H 1
| #define HAVE_UNISTD_H 1
| #define HAVE_DLFCN_H 1
| /* end confdefs.h.  */
| extern "C" void std::exit (int) throw (); using std::exit;
| #include <stdlib.h>
| int
| main ()
| {
| exit (42);
|   ;
|   return 0;
| }
configure:4683: g++ -c -O0  conftest.cc >&5
conftest.cc:22:31: error: 'void std::exit(int)' should have been declared inside 'std'
In file included from conftest.cc:23:0:
/usr/include/stdlib.h:544:70: error: declaration of 'void std::exit(int) throw ()' has a different exception specifier
conftest.cc:22:17: error: from previous declaration 'void std::exit(int)'
configure:4689: $? = 1
configure: failed program was:
| /* confdefs.h.  */
| 
| #define PACKAGE_NAME "libecwj2"
| #define PACKAGE_TARNAME "libecwj2"
| #define PACKAGE_VERSION "3.3"
| #define PACKAGE_STRING "libecwj2 3.3"
| #define PACKAGE_BUGREPORT ""
| #define PACKAGE "libecwj2"
| #define VERSION "3.3"
| #define STDC_HEADERS 1
| #define HAVE_SYS_TYPES_H 1
| #define HAVE_SYS_STAT_H 1
| #define HAVE_STDLIB_H 1
| #define HAVE_STRING_H 1
| #define HAVE_MEMORY_H 1
| #define HAVE_STRINGS_H 1
| #define HAVE_INTTYPES_H 1
| #define HAVE_STDINT_H 1
| #define HAVE_UNISTD_H 1
| #define HAVE_DLFCN_H 1
| /* end confdefs.h.  */
| extern "C" void std::exit (int); using std::exit;
| #include <stdlib.h>
| int
| main ()
| {
| exit (42);
|   ;
|   return 0;
| }
configure:4683: g++ -c -O0  conftest.cc >&5
configure:4689: $? = 0
configure:4692: test -z 			 || test ! -s conftest.err
configure:4695: $? = 0
configure:4698: test -s conftest.o
configure:4701: $? = 0
configure:4727: g++ -c -O0  conftest.cc >&5
configure:4733: $? = 0
configure:4736: test -z 			 || test ! -s conftest.err
configure:4739: $? = 0
configure:4742: test -s conftest.o
configure:4745: $? = 0
configure:4770: checking dependency style of g++
configure:4853: result: gcc3
configure:4875: checking how to run the C++ preprocessor
configure:4906: g++ -E  conftest.cc
configure:4912: $? = 0
configure:4944: g++ -E  conftest.cc
conftest.cc:25:28: fatal error: ac_nonexistent.h: No such file or directory
compilation terminated.
configure:4950: $? = 1
configure: failed program was:
| /* confdefs.h.  */
| 
| #define PACKAGE_NAME "libecwj2"
| #define PACKAGE_TARNAME "libecwj2"
| #define PACKAGE_VERSION "3.3"
| #define PACKAGE_STRING "libecwj2 3.3"
| #define PACKAGE_BUGREPORT ""
| #define PACKAGE "libecwj2"
| #define VERSION "3.3"
| #define STDC_HEADERS 1
| #define HAVE_SYS_TYPES_H 1
| #define HAVE_SYS_STAT_H 1
| #define HAVE_STDLIB_H 1
| #define HAVE_STRING_H 1
| #define HAVE_MEMORY_H 1
| #define HAVE_STRINGS_H 1
| #define HAVE_INTTYPES_H 1
| #define HAVE_STDINT_H 1
| #define HAVE_UNISTD_H 1
| #define HAVE_DLFCN_H 1
| #ifdef __cplusplus
| extern "C" void exit (int) throw ();
| #endif
| /* end confdefs.h.  */
| #include <ac_nonexistent.h>
configure:4989: result: g++ -E
configure:5013: g++ -E  conftest.cc
configure:5019: $? = 0
configure:5051: g++ -E  conftest.cc
conftest.cc:25:28: fatal error: ac_nonexistent.h: No such file or directory
compilation terminated.
configure:5057: $? = 1
configure: failed program was:
| /* confdefs.h.  */
| 
| #define PACKAGE_NAME "libecwj2"
| #define PACKAGE_TARNAME "libecwj2"
| #define PACKAGE_VERSION "3.3"
| #define PACKAGE_STRING "libecwj2 3.3"
| #define PACKAGE_BUGREPORT ""
| #define PACKAGE "libecwj2"
| #define VERSION "3.3"
| #define STDC_HEADERS 1
| #define HAVE_SYS_TYPES_H 1
| #define HAVE_SYS_STAT_H 1
| #define HAVE_STDLIB_H 1
| #define HAVE_STRING_H 1
| #define HAVE_MEMORY_H 1
| #define HAVE_STRINGS_H 1
| #define HAVE_INTTYPES_H 1
| #define HAVE_STDINT_H 1
| #define HAVE_UNISTD_H 1
| #define HAVE_DLFCN_H 1
| #ifdef __cplusplus
| extern "C" void exit (int) throw ();
| #endif
| /* end confdefs.h.  */
| #include <ac_nonexistent.h>
configure:5152: checking for g77
configure:5181: result: no
configure:5152: checking for f77
configure:5181: result: no
configure:5152: checking for xlf
configure:5181: result: no
configure:5152: checking for frt
configure:5181: result: no
configure:5152: checking for pgf77
configure:5181: result: no
configure:5152: checking for fort77
configure:5181: result: no
configure:5152: checking for fl32
configure:5181: result: no
configure:5152: checking for af77
configure:5181: result: no
configure:5152: checking for f90
configure:5181: result: no
configure:5152: checking for xlf90
configure:5181: result: no
configure:5152: checking for pgf90
configure:5181: result: no
configure:5152: checking for epcf90
configure:5181: result: no
configure:5152: checking for f95
configure:5181: result: no
configure:5152: checking for fort
configure:5181: result: no
configure:5152: checking for xlf95
configure:5181: result: no
configure:5152: checking for ifc
configure:5181: result: no
configure:5152: checking for efc
configure:5181: result: no
configure:5152: checking for pgf95
configure:5181: result: no
configure:5152: checking for lf95
configure:5181: result: no
configure:5152: checking for gfortran
configure:5181: result: no
configure:5193: checking for Fortran 77 compiler version
configure:5196:  --version </dev/null >&5
./configure: line 5197: --version: command not found
configure:5199: $? = 127
configure:5201:  -v </dev/null >&5
./configure: line 5202: -v: command not found
configure:5204: $? = 127
configure:5206:  -V </dev/null >&5
./configure: line 5207: -V: command not found
configure:5209: $? = 127
configure:5217: checking whether we are using the GNU Fortran 77 compiler
configure:5231:  -c  conftest.F >&5
./configure: line 5232: -c: command not found
configure:5237: $? = 127
configure: failed program was:
|       program main
| #ifndef __GNUC__
|        choke me
| #endif
| 
|       end
configure:5262: result: no
configure:5268: checking whether  accepts -g
configure:5280:  -c -g conftest.f >&5
./configure: line 5281: -c: command not found
configure:5286: $? = 127
configure: failed program was:
|       program main
| 
|       end
configure:5310: result: no
configure:5340: checking the maximum length of command line arguments
configure:5405: result: 32768
configure:5416: checking command to parse /usr/bin/nm -B output from gcc object
configure:5505: gcc -c -O0  conftest.c >&5
configure:5508: $? = 0
configure:5512: /usr/bin/nm -B conftest.o \| sed -n -e 's/^.*[ 	]\([ABCDGIRSTW][ABCDGIRSTW]*\)[ 	][ 	]*\(\)\([_A-Za-z][_A-Za-z0-9]*\)$/\1 \2\3 \3/p' \> conftest.nm
configure:5515: $? = 0
configure:5567: gcc -o conftest -O0   conftest.c conftstm.o >&5
configure:5570: $? = 0
configure:5608: result: ok
configure:5612: checking for objdir
configure:5627: result: .libs
configure:5717: checking for ar
configure:5733: found /usr/bin/ar
configure:5744: result: ar
configure:5797: checking for ranlib
configure:5813: found /usr/bin/ranlib
configure:5824: result: ranlib
configure:5877: checking for strip
configure:5893: found /usr/bin/strip
configure:5904: result: strip
configure:6166: checking if gcc static flag  works
configure:6189: result: yes
configure:6207: checking if gcc supports -fno-rtti -fno-exceptions
configure:6225: gcc -c -O0  -fno-rtti -fno-exceptions conftest.c >&5
cc1: warning: command line option '-fno-rtti' is valid for C++/ObjC++ but not for C [enabled by default]
configure:6229: $? = 0
configure:6240: result: no
configure:6255: checking for gcc option to produce PIC
configure:6432: result: -fPIC
configure:6440: checking if gcc PIC flag -fPIC works
configure:6458: gcc -c -O0  -fPIC -DPIC conftest.c >&5
configure:6462: $? = 0
configure:6473: result: yes
configure:6497: checking if gcc supports -c -o file.o
configure:6518: gcc -c -O0  -o out/conftest2.o conftest.c >&5
configure:6522: $? = 0
configure:6542: result: yes
configure:6568: checking whether the gcc linker (/usr/bin/ld -m elf_x86_64) supports shared libraries
configure:7415: result: yes
configure:7441: checking whether -lc should be explicitly linked in
configure:7446: gcc -c -O0  conftest.c >&5
configure:7449: $? = 0
configure:7463: gcc -shared conftest.o  -v -Wl,-soname -Wl,conftest -o conftest 2\>\&1 \| grep  -lc  \>/dev/null 2\>\&1
configure:7466: $? = 0
configure:7478: result: no
configure:7486: checking dynamic linker characteristics
configure:8038: result: GNU/Linux ld.so
configure:8042: checking how to hardcode library paths into programs
configure:8067: result: immediate
configure:8081: checking whether stripping libraries is possible
configure:8086: result: yes
configure:8909: checking if libtool supports shared libraries
configure:8911: result: yes
configure:8914: checking whether to build shared libraries
configure:8972: result: yes
configure:8975: checking whether to build static libraries
configure:8979: result: yes
configure:9071: creating libtool
configure:9618: checking for ld used by g++
configure:9685: result: /usr/bin/ld -m elf_x86_64
configure:9694: checking if the linker (/usr/bin/ld -m elf_x86_64) is GNU ld
configure:9709: result: yes
configure:9760: checking whether the g++ linker (/usr/bin/ld -m elf_x86_64) supports shared libraries
configure:10586: result: yes
configure:10604: g++ -c -O0  conftest.cc >&5
configure:10607: $? = 0
configure:10703: checking for g++ option to produce PIC
configure:10955: result: -fPIC
configure:10963: checking if g++ PIC flag -fPIC works
configure:10981: g++ -c -O0  -fPIC -DPIC conftest.cc >&5
configure:10985: $? = 0
configure:10996: result: yes
configure:11020: checking if g++ supports -c -o file.o
configure:11041: g++ -c -O0  -o out/conftest2.o conftest.cc >&5
configure:11045: $? = 0
configure:11065: result: yes
configure:11091: checking whether the g++ linker (/usr/bin/ld -m elf_x86_64) supports shared libraries
configure:11119: result: yes
configure:11190: checking dynamic linker characteristics
configure:11742: result: GNU/Linux ld.so
configure:11746: checking how to hardcode library paths into programs
configure:11771: result: immediate
configure:11785: checking whether stripping libraries is possible
configure:11790: result: yes
configure:19047: checking for a BSD-compatible install
configure:19102: result: /usr/bin/install -c
configure:19113: checking whether make sets $(MAKE)
configure:19133: result: yes
configure:19142: checking whether ln -s works
configure:19146: result: yes
configure:19247: checking for C++ compiler version
configure:19250: g++ --version </dev/null >&5
g++ (Ubuntu/Linaro 4.6.3-1ubuntu5) 4.6.3
Copyright (C) 2011 Free Software Foundation, Inc.
This is free software; see the source for copying conditions.  There is NO
warranty; not even for MERCHANTABILITY or FITNESS FOR A PARTICULAR PURPOSE.

configure:19253: $? = 0
configure:19255: g++ -v </dev/null >&5
Using built-in specs.
COLLECT_GCC=g++
COLLECT_LTO_WRAPPER=/usr/lib/gcc/x86_64-linux-gnu/4.6/lto-wrapper
Target: x86_64-linux-gnu
Configured with: ../src/configure -v --with-pkgversion='Ubuntu/Linaro 4.6.3-1ubuntu5' --with-bugurl=file:///usr/share/doc/gcc-4.6/README.Bugs --enable-languages=c,c++,fortran,objc,obj-c++ --prefix=/usr --program-suffix=-4.6 --enable-shared --enable-linker-build-id --with-system-zlib --libexecdir=/usr/lib --without-included-gettext --enable-threads=posix --with-gxx-include-dir=/usr/include/c++/4.6 --libdir=/usr/lib --enable-nls --with-sysroot=/ --enable-clocale=gnu --enable-libstdcxx-debug --enable-libstdcxx-time=yes --enable-gnu-unique-object --enable-plugin --enable-objc-gc --disable-werror --with-arch-32=i686 --with-tune=generic --enable-checking=release --build=x86_64-linux-gnu --host=x86_64-linux-gnu --target=x86_64-linux-gnu
Thread model: posix
gcc version 4.6.3 (Ubuntu/Linaro 4.6.3-1ubuntu5) 
configure:19258: $? = 0
configure:19260: g++ -V </dev/null >&5
g++: error: unrecognized option '-V'
g++: fatal error: no input files
compilation terminated.
configure:19263: $? = 4
configure:19266: checking whether we are using the GNU C++ compiler
configure:19321: result: yes
configure:19327: checking whether g++ accepts -g
configure:19377: result: yes
configure:19419: g++ -c -O0  conftest.cc >&5
configure:19425: $? = 0
configure:19428: test -z 			 || test ! -s conftest.err
configure:19431: $? = 0
configure:19434: test -s conftest.o
configure:19437: $? = 0
configure:19463: g++ -c -O0  conftest.cc >&5
configure:19469: $? = 0
configure:19472: test -z 			 || test ! -s conftest.err
configure:19475: $? = 0
configure:19478: test -s conftest.o
configure:19481: $? = 0
configure:19506: checking dependency style of g++
configure:19589: result: gcc3
configure:19608: checking for ANSI C header files
configure:19763: result: yes
configure:19825: checking for inline
configure:19846: gcc -c -O0  conftest.c >&5
configure:19852: $? = 0
configure:19855: test -z 			 || test ! -s conftest.err
configure:19858: $? = 0
configure:19861: test -s conftest.o
configure:19864: $? = 0
configure:19876: result: inline
configure:20106: creating ./config.status

## ---------------------- ##
## Running config.status. ##
## ---------------------- ##

This file was extended by libecwj2 config.status 3.3, which was
generated by GNU Autoconf 2.59.  Invocation command line was

  CONFIG_FILES    = 
  CONFIG_HEADERS  = 
  CONFIG_LINKS    = 
  CONFIG_COMMANDS = 
  $ ./config.status 

on cg44-2

config.status:763: creating Makefile
config.status:763: creating Source/Makefile
config.status:763: creating Source/NCSBuildGnu/Makefile
config.status:829: creating Source/NCSBuildGnu/NCSGnuConfig.h
config.status:939: Source/NCSBuildGnu/NCSGnuConfig.h is unchanged
config.status:1119: executing depfiles commands

## ---------------- ##
## Cache variables. ##
## ---------------- ##

ac_cv_build=x86_64-unknown-linux-gnu
ac_cv_build_alias=x86_64-unknown-linux-gnu
ac_cv_c_compiler_gnu=yes
ac_cv_c_inline=inline
ac_cv_cxx_compiler_gnu=yes
ac_cv_env_CC_set=
ac_cv_env_CC_value=
ac_cv_env_CFLAGS_set=set
ac_cv_env_CFLAGS_value=-O0
ac_cv_env_CPPFLAGS_set=
ac_cv_env_CPPFLAGS_value=
ac_cv_env_CPP_set=
ac_cv_env_CPP_value=
ac_cv_env_CXXCPP_set=
ac_cv_env_CXXCPP_value=
ac_cv_env_CXXFLAGS_set=set
ac_cv_env_CXXFLAGS_value=-O0
ac_cv_env_CXX_set=
ac_cv_env_CXX_value=
ac_cv_env_F77_set=
ac_cv_env_F77_value=
ac_cv_env_FFLAGS_set=
ac_cv_env_FFLAGS_value=
ac_cv_env_LDFLAGS_set=
ac_cv_env_LDFLAGS_value=
ac_cv_env_build_alias_set=
ac_cv_env_build_alias_value=
ac_cv_env_host_alias_set=
ac_cv_env_host_alias_value=
ac_cv_env_target_alias_set=
ac_cv_env_target_alias_value=
ac_cv_exeext=
ac_cv_f77_compiler_gnu=no
ac_cv_header_dlfcn_h=yes
ac_cv_header_inttypes_h=yes
ac_cv_header_memory_h=yes
ac_cv_header_stdc=yes
ac_cv_header_stdint_h=yes
ac_cv_header_stdlib_h=yes
ac_cv_header_string_h=yes
ac_cv_header_strings_h=yes
ac_cv_header_sys_stat_h=yes
ac_cv_header_sys_types_h=yes
ac_cv_header_unistd_h=yes
ac_cv_host=x86_64-unknown-linux-gnu
ac_cv_host_alias=x86_64-unknown-linux-gnu
ac_cv_objext=o
ac_cv_path_install='/usr/bin/install -c'
ac_cv_prog_AWK=mawk
ac_cv_prog_CPP='gcc -E'
ac_cv_prog_CXXCPP='g++ -E'
ac_cv_prog_ac_ct_AR=ar
ac_cv_prog_ac_ct_CC=gcc
ac_cv_prog_ac_ct_CXX=g++
ac_cv_prog_ac_ct_RANLIB=ranlib
ac_cv_prog_ac_ct_STRIP=strip
ac_cv_prog_cc_g=yes
ac_cv_prog_cc_stdc=
ac_cv_prog_cxx_g=yes
ac_cv_prog_egrep='grep -E'
ac_cv_prog_f77_g=no
ac_cv_prog_make_make_set=yes
ac_cv_target=x86_64-unknown-linux-gnu
ac_cv_target_alias=x86_64-unknown-linux-gnu
am_cv_CC_dependencies_compiler_type=gcc3
am_cv_CXX_dependencies_compiler_type=gcc3
lt_cv_deplibs_check_method=pass_all
lt_cv_file_magic_cmd='$MAGIC_CMD'
lt_cv_file_magic_test_file=
lt_cv_ld_reload_flag=-r
lt_cv_objdir=.libs
lt_cv_path_LD=/usr/bin/ld
lt_cv_path_LDCXX='/usr/bin/ld -m elf_x86_64'
lt_cv_path_NM='/usr/bin/nm -B'
lt_cv_path_SED=/bin/sed
lt_cv_prog_compiler_c_o=yes
lt_cv_prog_compiler_c_o_CXX=yes
lt_cv_prog_compiler_rtti_exceptions=no
lt_cv_prog_gnu_ld=yes
lt_cv_prog_gnu_ldcxx=yes
lt_cv_sys_global_symbol_pipe='sed -n -e '\''s/^.*[ 	]\([ABCDGIRSTW][ABCDGIRSTW]*\)[ 	][ 	]*\(\)\([_A-Za-z][_A-Za-z0-9]*\)$/\1 \2\3 \3/p'\'''
lt_cv_sys_global_symbol_to_c_name_address='sed -n -e '\''s/^: \([^ ]*\) $/  {\"\1\", (lt_ptr) 0},/p'\'' -e '\''s/^[BCDEGRST] \([^ ]*\) \([^ ]*\)$/  {"\2", (lt_ptr) \&\2},/p'\'''
lt_cv_sys_global_symbol_to_cdecl='sed -n -e '\''s/^. .* \(.*\)$/extern int \1;/p'\'''
lt_cv_sys_max_cmd_len=32768
lt_lt_cv_prog_compiler_c_o='"yes"'
lt_lt_cv_prog_compiler_c_o_CXX='"yes"'
lt_lt_cv_sys_global_symbol_pipe='"sed -n -e '\''s/^.*[ 	]\\([ABCDGIRSTW][ABCDGIRSTW]*\\)[ 	][ 	]*\\(\\)\\([_A-Za-z][_A-Za-z0-9]*\\)\$/\\1 \\2\\3 \\3/p'\''"'
lt_lt_cv_sys_global_symbol_to_c_name_address='"sed -n -e '\''s/^: \\([^ ]*\\) \$/  {\\\"\\1\\\", (lt_ptr) 0},/p'\'' -e '\''s/^[BCDEGRST] \\([^ ]*\\) \\([^ ]*\\)\$/  {\"\\2\", (lt_ptr) \\&\\2},/p'\''"'
lt_lt_cv_sys_global_symbol_to_cdecl='"sed -n -e '\''s/^. .* \\(.*\\)\$/extern int \\1;/p'\''"'

## ----------------- ##
## Output variables. ##
## ----------------- ##

ACLOCAL='${SHELL} /usr/src/libecwj2-3.3.20060906/missing --run aclocal-1.7'
AMDEPBACKSLASH='\'
AMDEP_FALSE='#'
AMDEP_TRUE=''
AMTAR='${SHELL} /usr/src/libecwj2-3.3.20060906/missing --run tar'
AR='ar'
AUTOCONF='${SHELL} /usr/src/libecwj2-3.3.20060906/missing --run autoconf'
AUTOHEADER='${SHELL} /usr/src/libecwj2-3.3.20060906/missing --run autoheader'
AUTOMAKE='${SHELL} /usr/src/libecwj2-3.3.20060906/missing --run automake-1.7'
AWK='mawk'
CC='gcc'
CCDEPMODE='depmode=gcc3'
CFLAGS='-O0'
CPP='gcc -E'
CPPFLAGS=''
CXX='g++'
CXXCPP='g++ -E'
CXXDEPMODE='depmode=gcc3'
CXXFLAGS='-O0'
CYGPATH_W='echo'
DEFS='-DHAVE_CONFIG_H'
DEPDIR='.deps'
ECHO='echo'
ECHO_C=''
ECHO_N='-n'
ECHO_T=''
EGREP='grep -E'
EXEEXT=''
F77=''
FFLAGS=''
INSTALL_DATA='${INSTALL} -m 644'
INSTALL_PROGRAM='${INSTALL}'
INSTALL_SCRIPT='${INSTALL}'
INSTALL_STRIP_PROGRAM='${SHELL} $(install_sh) -c -s'
LD='/usr/bin/ld -m elf_x86_64'
LDFLAGS=''
LIBECWJ2_CFLAGS='-Wall -Wno-long-long -fno-common -fpic'
LIBECWJ2_DEFS='-D_GNU_SOURCE -D_REENTRANT -DLIBECWJ2 -DLINUX -D_LARGEFILE_SOURCE -D_LARGEFILE64_SOURCE -D_FILE_OFFSET_BITS=64 -DPOSIX'
LIBECWJ2_INCLUDES='-I/usr/src/libecwj2-3.3.20060906/Source/include -I/usr/src/libecwj2-3.3.20060906/Source/C/NCSEcw/lcms/include'
LIBECWJ2_SHARED_LDFLAGS='-version-info 0:0:0  -lm -lc -ldl -lrt -R/usr/local/lib'
LIBECWJ2_STATIC_LDFLAGS=''
LIBOBJS=''
LIBS=''
LIBTOOL='$(SHELL) $(top_builddir)/libtool'
LN_S='ln -s'
LTLIBOBJS=''
MAKEINFO='${SHELL} /usr/src/libecwj2-3.3.20060906/missing --run makeinfo'
OBJEXT='o'
PACKAGE='libecwj2'
PACKAGE_BUGREPORT=''
PACKAGE_NAME='libecwj2'
PACKAGE_STRING='libecwj2 3.3'
PACKAGE_TARNAME='libecwj2'
PACKAGE_VERSION='3.3'
PATH_SEPARATOR=':'
RANLIB='ranlib'
SET_MAKE=''
SHELL='/bin/bash'
STRIP='strip'
VERSION='3.3'
ac_ct_AR='ar'
ac_ct_CC='gcc'
ac_ct_CXX='g++'
ac_ct_F77=''
ac_ct_RANLIB='ranlib'
ac_ct_STRIP='strip'
am__fastdepCC_FALSE='#'
am__fastdepCC_TRUE=''
am__fastdepCXX_FALSE='#'
am__fastdepCXX_TRUE=''
am__include='include'
am__leading_dot='.'
am__quote=''
bindir='${exec_prefix}/bin'
build='x86_64-unknown-linux-gnu'
build_alias=''
build_cpu='x86_64'
build_os='linux-gnu'
build_vendor='unknown'
datadir='${prefix}/share'
exec_prefix='${prefix}'
host='x86_64-unknown-linux-gnu'
host_alias=''
host_cpu='x86_64'
host_os='linux-gnu'
host_vendor='unknown'
includedir='${prefix}/include'
infodir='${prefix}/info'
inline=''
install_sh='/usr/src/libecwj2-3.3.20060906/install-sh'
libdir='${exec_prefix}/lib'
libexecdir='${exec_prefix}/libexec'
localstatedir='${prefix}/var'
mandir='${prefix}/man'
oldincludedir='/usr/include'
prefix='/usr'
program_transform_name='s,x,x,'
sbindir='${exec_prefix}/sbin'
sharedstatedir='${prefix}/com'
sysconfdir='${prefix}/etc'
target='x86_64-unknown-linux-gnu'
target_alias=''
target_cpu='x86_64'
target_os='linux-gnu'
target_vendor='unknown'

## ----------- ##
## confdefs.h. ##
## ----------- ##

#define HAVE_DLFCN_H 1
#define HAVE_INTTYPES_H 1
#define HAVE_MEMORY_H 1
#define HAVE_STDINT_H 1
#define HAVE_STDLIB_H 1
#define HAVE_STRINGS_H 1
#define HAVE_STRING_H 1
#define HAVE_SYS_STAT_H 1
#define HAVE_SYS_TYPES_H 1
#define HAVE_UNISTD_H 1
#define PACKAGE "libecwj2"
#define PACKAGE_BUGREPORT ""
#define PACKAGE_NAME "libecwj2"
#define PACKAGE_STRING "libecwj2 3.3"
#define PACKAGE_TARNAME "libecwj2"
#define PACKAGE_VERSION "3.3"
#define STDC_HEADERS 1
#define STDC_HEADERS 1
#define VERSION "3.3"
#endif
#ifdef __cplusplus
extern "C" void exit (int) throw ();

configure: exit 0
