This file contains any messages produced by compilers while
running configure, to aid debugging if configure makes a mistake.

It was created by lcms configure 1.14, which was
generated by GNU Autoconf 2.59.  Invocation command line was

  $ ./configure 

## --------- ##
## Platform. ##
## --------- ##

hostname = cg44-2
uname -m = x86_64
uname -r = 3.2.0-45-generic
uname -s = Linux
uname -v = #70-Ubuntu SMP Wed May 29 20:12:06 UTC 2013

/usr/bin/uname -p = unknown
/bin/uname -X     = unknown

/bin/arch              = unknown
/usr/bin/arch -k       = unknown
/usr/convex/getsysinfo = unknown
hostinfo               = unknown
/bin/machine           = unknown
/usr/bin/oslevel       = unknown
/bin/universe          = unknown

PATH: /var/makina/circus/bin
PATH: /var/makina/circus/bin
PATH: /usr/local/sbin
PATH: /usr/local/bin
PATH: /usr/sbin
PATH: /usr/bin
PATH: /sbin
PATH: /bin


## ----------- ##
## Core tests. ##
## ----------- ##

configure:1578: checking build system type
configure:1596: result: x86_64-unknown-linux-gnu
configure:1604: checking host system type
configure:1618: result: x86_64-unknown-linux-gnu
configure:1626: checking target system type
configure:1640: result: x86_64-unknown-linux-gnu
configure:1656: checking whether build environment is sane
configure:1699: result: yes
configure:1717: checking for a BSD-compatible install
configure:1772: result: /usr/bin/install -c
configure:1805: WARNING: `missing' script is too old or missing
configure:1846: checking for gawk
configure:1875: result: no
configure:1846: checking for mawk
configure:1862: found /usr/bin/mawk
configure:1872: result: mawk
configure:1882: checking whether make sets $(MAKE)
configure:1902: result: yes
configure:2149: checking for gcc
configure:2165: found /usr/bin/gcc
configure:2175: result: gcc
configure:2419: checking for C compiler version
configure:2422: gcc --version </dev/null >&5
gcc (Ubuntu/Linaro 4.6.3-1ubuntu5) 4.6.3
Copyright (C) 2011 Free Software Foundation, Inc.
This is free software; see the source for copying conditions.  There is NO
warranty; not even for MERCHANTABILITY or FITNESS FOR A PARTICULAR PURPOSE.

configure:2425: $? = 0
configure:2427: gcc -v </dev/null >&5
Using built-in specs.
COLLECT_GCC=gcc
COLLECT_LTO_WRAPPER=/usr/lib/gcc/x86_64-linux-gnu/4.6/lto-wrapper
Target: x86_64-linux-gnu
Configured with: ../src/configure -v --with-pkgversion='Ubuntu/Linaro 4.6.3-1ubuntu5' --with-bugurl=file:///usr/share/doc/gcc-4.6/README.Bugs --enable-languages=c,c++,fortran,objc,obj-c++ --prefix=/usr --program-suffix=-4.6 --enable-shared --enable-linker-build-id --with-system-zlib --libexecdir=/usr/lib --without-included-gettext --enable-threads=posix --with-gxx-include-dir=/usr/include/c++/4.6 --libdir=/usr/lib --enable-nls --with-sysroot=/ --enable-clocale=gnu --enable-libstdcxx-debug --enable-libstdcxx-time=yes --enable-gnu-unique-object --enable-plugin --enable-objc-gc --disable-werror --with-arch-32=i686 --with-tune=generic --enable-checking=release --build=x86_64-linux-gnu --host=x86_64-linux-gnu --target=x86_64-linux-gnu
Thread model: posix
gcc version 4.6.3 (Ubuntu/Linaro 4.6.3-1ubuntu5) 
configure:2430: $? = 0
configure:2432: gcc -V </dev/null >&5
gcc: error: unrecognized option '-V'
gcc: fatal error: no input files
compilation terminated.
configure:2435: $? = 4
configure:2458: checking for C compiler default output file name
configure:2461: gcc -O0   conftest.c  >&5
configure:2464: $? = 0
configure:2510: result: a.out
configure:2515: checking whether the C compiler works
configure:2521: ./a.out
configure:2524: $? = 0
configure:2541: result: yes
configure:2548: checking whether we are cross compiling
configure:2550: result: no
configure:2553: checking for suffix of executables
configure:2555: gcc -o conftest -O0   conftest.c  >&5
configure:2558: $? = 0
configure:2583: result: 
configure:2589: checking for suffix of object files
configure:2610: gcc -c -O0  conftest.c >&5
configure:2613: $? = 0
configure:2635: result: o
configure:2639: checking whether we are using the GNU C compiler
configure:2663: gcc -c -O0  conftest.c >&5
configure:2669: $? = 0
configure:2673: test -z 
			 || test ! -s conftest.err
configure:2676: $? = 0
configure:2679: test -s conftest.o
configure:2682: $? = 0
configure:2695: result: yes
configure:2701: checking whether gcc accepts -g
configure:2722: gcc -c -g  conftest.c >&5
configure:2728: $? = 0
configure:2732: test -z 
			 || test ! -s conftest.err
configure:2735: $? = 0
configure:2738: test -s conftest.o
configure:2741: $? = 0
configure:2752: result: yes
configure:2769: checking for gcc option to accept ANSI C
configure:2839: gcc  -c -O0  conftest.c >&5
configure:2845: $? = 0
configure:2849: test -z 
			 || test ! -s conftest.err
configure:2852: $? = 0
configure:2855: test -s conftest.o
configure:2858: $? = 0
configure:2876: result: none needed
configure:2894: gcc -c -O0  conftest.c >&5
conftest.c:2:3: error: unknown type name 'choke'
conftest.c:2:3: error: expected '=', ',', ';', 'asm' or '__attribute__' at end of input
configure:2900: $? = 1
configure: failed program was:
| #ifndef __cplusplus
|   choke me
| #endif
configure:3044: checking for style of include used by make
configure:3072: result: GNU
configure:3100: checking dependency style of gcc
configure:3190: result: none
configure:3213: checking how to run the C preprocessor
configure:3248: gcc -E  conftest.c
configure:3254: $? = 0
configure:3286: gcc -E  conftest.c
conftest.c:9:28: fatal error: ac_nonexistent.h: No such file or directory
compilation terminated.
configure:3292: $? = 1
configure: failed program was:
| /* confdefs.h.  */
| 
| #define PACKAGE_NAME "lcms"
| #define PACKAGE_TARNAME "lcms"
| #define PACKAGE_VERSION "1.14"
| #define PACKAGE_STRING "lcms 1.14"
| #define PACKAGE_BUGREPORT ""
| /* end confdefs.h.  */
| #include <ac_nonexistent.h>
configure:3331: result: gcc -E
configure:3355: gcc -E  conftest.c
configure:3361: $? = 0
configure:3393: gcc -E  conftest.c
conftest.c:9:28: fatal error: ac_nonexistent.h: No such file or directory
compilation terminated.
configure:3399: $? = 1
configure: failed program was:
| /* confdefs.h.  */
| 
| #define PACKAGE_NAME "lcms"
| #define PACKAGE_TARNAME "lcms"
| #define PACKAGE_VERSION "1.14"
| #define PACKAGE_STRING "lcms 1.14"
| #define PACKAGE_BUGREPORT ""
| /* end confdefs.h.  */
| #include <ac_nonexistent.h>
configure:3442: checking for a sed that does not truncate output
configure:3496: result: /bin/sed
configure:3499: checking for egrep
configure:3509: result: grep -E
configure:3525: checking for ld used by gcc
configure:3592: result: /usr/bin/ld
configure:3601: checking if the linker (/usr/bin/ld) is GNU ld
configure:3616: result: yes
configure:3635: checking for a BSD-compatible install
configure:3690: result: /usr/bin/install -c
configure:3701: checking whether make sets $(MAKE)
configure:3721: result: yes
configure:3730: checking whether ln -s works
configure:3734: result: yes
configure:3793: checking for g++
configure:3809: found /usr/bin/g++
configure:3819: result: g++
configure:3835: checking for C++ compiler version
configure:3838: g++ --version </dev/null >&5
g++ (Ubuntu/Linaro 4.6.3-1ubuntu5) 4.6.3
Copyright (C) 2011 Free Software Foundation, Inc.
This is free software; see the source for copying conditions.  There is NO
warranty; not even for MERCHANTABILITY or FITNESS FOR A PARTICULAR PURPOSE.

configure:3841: $? = 0
configure:3843: g++ -v </dev/null >&5
Using built-in specs.
COLLECT_GCC=g++
COLLECT_LTO_WRAPPER=/usr/lib/gcc/x86_64-linux-gnu/4.6/lto-wrapper
Target: x86_64-linux-gnu
Configured with: ../src/configure -v --with-pkgversion='Ubuntu/Linaro 4.6.3-1ubuntu5' --with-bugurl=file:///usr/share/doc/gcc-4.6/README.Bugs --enable-languages=c,c++,fortran,objc,obj-c++ --prefix=/usr --program-suffix=-4.6 --enable-shared --enable-linker-build-id --with-system-zlib --libexecdir=/usr/lib --without-included-gettext --enable-threads=posix --with-gxx-include-dir=/usr/include/c++/4.6 --libdir=/usr/lib --enable-nls --with-sysroot=/ --enable-clocale=gnu --enable-libstdcxx-debug --enable-libstdcxx-time=yes --enable-gnu-unique-object --enable-plugin --enable-objc-gc --disable-werror --with-arch-32=i686 --with-tune=generic --enable-checking=release --build=x86_64-linux-gnu --host=x86_64-linux-gnu --target=x86_64-linux-gnu
Thread model: posix
gcc version 4.6.3 (Ubuntu/Linaro 4.6.3-1ubuntu5) 
configure:3846: $? = 0
configure:3848: g++ -V </dev/null >&5
g++: error: unrecognized option '-V'
g++: fatal error: no input files
compilation terminated.
configure:3851: $? = 4
configure:3854: checking whether we are using the GNU C++ compiler
configure:3878: g++ -c -O0  conftest.cc >&5
configure:3884: $? = 0
configure:3888: test -z 
			 || test ! -s conftest.err
configure:3891: $? = 0
configure:3894: test -s conftest.o
configure:3897: $? = 0
configure:3910: result: yes
configure:3916: checking whether g++ accepts -g
configure:3937: g++ -c -g  conftest.cc >&5
configure:3943: $? = 0
configure:3947: test -z 
			 || test ! -s conftest.err
configure:3950: $? = 0
configure:3953: test -s conftest.o
configure:3956: $? = 0
configure:3967: result: yes
configure:4009: g++ -c -O0  conftest.cc >&5
configure:4015: $? = 0
configure:4019: test -z 
			 || test ! -s conftest.err
configure:4022: $? = 0
configure:4025: test -s conftest.o
configure:4028: $? = 0
configure:4054: g++ -c -O0  conftest.cc >&5
conftest.cc: In function 'int main()':
conftest.cc:13:9: error: 'exit' was not declared in this scope
configure:4060: $? = 1
configure: failed program was:
| /* confdefs.h.  */
| 
| #define PACKAGE_NAME "lcms"
| #define PACKAGE_TARNAME "lcms"
| #define PACKAGE_VERSION "1.14"
| #define PACKAGE_STRING "lcms 1.14"
| #define PACKAGE_BUGREPORT ""
| /* end confdefs.h.  */
| 
| int
| main ()
| {
| exit (42);
|   ;
|   return 0;
| }
configure:4009: g++ -c -O0  conftest.cc >&5
conftest.cc:9:40: error: 'void std::exit(int)' should have been declared inside 'std'
configure:4015: $? = 1
configure: failed program was:
| /* confdefs.h.  */
| 
| #define PACKAGE_NAME "lcms"
| #define PACKAGE_TARNAME "lcms"
| #define PACKAGE_VERSION "1.14"
| #define PACKAGE_STRING "lcms 1.14"
| #define PACKAGE_BUGREPORT ""
| /* end confdefs.h.  */
| extern "C" void std::exit (int) throw (); using std::exit;
| #include <stdlib.h>
| int
| main ()
| {
| exit (42);
|   ;
|   return 0;
| }
configure:4009: g++ -c -O0  conftest.cc >&5
conftest.cc:9:31: error: 'void std::exit(int)' should have been declared inside 'std'
In file included from conftest.cc:10:0:
/usr/include/stdlib.h:544:70: error: declaration of 'void std::exit(int) throw ()' has a different exception specifier
conftest.cc:9:17: error: from previous declaration 'void std::exit(int)'
configure:4015: $? = 1
configure: failed program was:
| /* confdefs.h.  */
| 
| #define PACKAGE_NAME "lcms"
| #define PACKAGE_TARNAME "lcms"
| #define PACKAGE_VERSION "1.14"
| #define PACKAGE_STRING "lcms 1.14"
| #define PACKAGE_BUGREPORT ""
| /* end confdefs.h.  */
| extern "C" void std::exit (int); using std::exit;
| #include <stdlib.h>
| int
| main ()
| {
| exit (42);
|   ;
|   return 0;
| }
configure:4009: g++ -c -O0  conftest.cc >&5
configure:4015: $? = 0
configure:4019: test -z 
			 || test ! -s conftest.err
configure:4022: $? = 0
configure:4025: test -s conftest.o
configure:4028: $? = 0
configure:4054: g++ -c -O0  conftest.cc >&5
configure:4060: $? = 0
configure:4064: test -z 
			 || test ! -s conftest.err
configure:4067: $? = 0
configure:4070: test -s conftest.o
configure:4073: $? = 0
configure:4098: checking dependency style of g++
configure:4188: result: none
configure:4564: checking for /usr/bin/ld option to reload object files
configure:4571: result: -r
configure:4589: checking for BSD-compatible nm
configure:4631: result: /usr/bin/nm -B
configure:4635: checking how to recognise dependent libraries
configure:4807: result: pass_all
configure:4890: gcc -c -O0  conftest.c >&5
configure:4893: $? = 0
configure:5257: checking for ANSI C header files
configure:5282: gcc -c -O0  conftest.c >&5
configure:5288: $? = 0
configure:5292: test -z 
			 || test ! -s conftest.err
configure:5295: $? = 0
configure:5298: test -s conftest.o
configure:5301: $? = 0
configure:5390: gcc -o conftest -O0   conftest.c  >&5
conftest.c: In function 'main':
conftest.c:29:7: warning: incompatible implicit declaration of built-in function 'exit' [enabled by default]
configure:5393: $? = 0
configure:5395: ./conftest
configure:5398: $? = 0
configure:5413: result: yes
configure:5437: checking for sys/types.h
configure:5453: gcc -c -O0  conftest.c >&5
configure:5459: $? = 0
configure:5463: test -z 
			 || test ! -s conftest.err
configure:5466: $? = 0
configure:5469: test -s conftest.o
configure:5472: $? = 0
configure:5483: result: yes
configure:5437: checking for sys/stat.h
configure:5453: gcc -c -O0  conftest.c >&5
configure:5459: $? = 0
configure:5463: test -z 
			 || test ! -s conftest.err
configure:5466: $? = 0
configure:5469: test -s conftest.o
configure:5472: $? = 0
configure:5483: result: yes
configure:5437: checking for stdlib.h
configure:5453: gcc -c -O0  conftest.c >&5
configure:5459: $? = 0
configure:5463: test -z 
			 || test ! -s conftest.err
configure:5466: $? = 0
configure:5469: test -s conftest.o
configure:5472: $? = 0
configure:5483: result: yes
configure:5437: checking for string.h
configure:5453: gcc -c -O0  conftest.c >&5
configure:5459: $? = 0
configure:5463: test -z 
			 || test ! -s conftest.err
configure:5466: $? = 0
configure:5469: test -s conftest.o
configure:5472: $? = 0
configure:5483: result: yes
configure:5437: checking for memory.h
configure:5453: gcc -c -O0  conftest.c >&5
configure:5459: $? = 0
configure:5463: test -z 
			 || test ! -s conftest.err
configure:5466: $? = 0
configure:5469: test -s conftest.o
configure:5472: $? = 0
configure:5483: result: yes
configure:5437: checking for strings.h
configure:5453: gcc -c -O0  conftest.c >&5
configure:5459: $? = 0
configure:5463: test -z 
			 || test ! -s conftest.err
configure:5466: $? = 0
configure:5469: test -s conftest.o
configure:5472: $? = 0
configure:5483: result: yes
configure:5437: checking for inttypes.h
configure:5453: gcc -c -O0  conftest.c >&5
configure:5459: $? = 0
configure:5463: test -z 
			 || test ! -s conftest.err
configure:5466: $? = 0
configure:5469: test -s conftest.o
configure:5472: $? = 0
configure:5483: result: yes
configure:5437: checking for stdint.h
configure:5453: gcc -c -O0  conftest.c >&5
configure:5459: $? = 0
configure:5463: test -z 
			 || test ! -s conftest.err
configure:5466: $? = 0
configure:5469: test -s conftest.o
configure:5472: $? = 0
configure:5483: result: yes
configure:5437: checking for unistd.h
configure:5453: gcc -c -O0  conftest.c >&5
configure:5459: $? = 0
configure:5463: test -z 
			 || test ! -s conftest.err
configure:5466: $? = 0
configure:5469: test -s conftest.o
configure:5472: $? = 0
configure:5483: result: yes
configure:5509: checking dlfcn.h usability
configure:5521: gcc -c -O0  conftest.c >&5
configure:5527: $? = 0
configure:5531: test -z 
			 || test ! -s conftest.err
configure:5534: $? = 0
configure:5537: test -s conftest.o
configure:5540: $? = 0
configure:5550: result: yes
configure:5554: checking dlfcn.h presence
configure:5564: gcc -E  conftest.c
configure:5570: $? = 0
configure:5590: result: yes
configure:5625: checking for dlfcn.h
configure:5632: result: yes
configure:5655: checking how to run the C++ preprocessor
configure:5686: g++ -E  conftest.cc
configure:5692: $? = 0
configure:5724: g++ -E  conftest.cc
conftest.cc:23:28: fatal error: ac_nonexistent.h: No such file or directory
compilation terminated.
configure:5730: $? = 1
configure: failed program was:
| /* confdefs.h.  */
| 
| #define PACKAGE_NAME "lcms"
| #define PACKAGE_TARNAME "lcms"
| #define PACKAGE_VERSION "1.14"
| #define PACKAGE_STRING "lcms 1.14"
| #define PACKAGE_BUGREPORT ""
| #ifdef __cplusplus
| extern "C" void exit (int) throw ();
| #endif
| #define STDC_HEADERS 1
| #define HAVE_SYS_TYPES_H 1
| #define HAVE_SYS_STAT_H 1
| #define HAVE_STDLIB_H 1
| #define HAVE_STRING_H 1
| #define HAVE_MEMORY_H 1
| #define HAVE_STRINGS_H 1
| #define HAVE_INTTYPES_H 1
| #define HAVE_STDINT_H 1
| #define HAVE_UNISTD_H 1
| #define HAVE_DLFCN_H 1
| /* end confdefs.h.  */
| #include <ac_nonexistent.h>
configure:5769: result: g++ -E
configure:5793: g++ -E  conftest.cc
configure:5799: $? = 0
configure:5831: g++ -E  conftest.cc
conftest.cc:23:28: fatal error: ac_nonexistent.h: No such file or directory
compilation terminated.
configure:5837: $? = 1
configure: failed program was:
| /* confdefs.h.  */
| 
| #define PACKAGE_NAME "lcms"
| #define PACKAGE_TARNAME "lcms"
| #define PACKAGE_VERSION "1.14"
| #define PACKAGE_STRING "lcms 1.14"
| #define PACKAGE_BUGREPORT ""
| #ifdef __cplusplus
| extern "C" void exit (int) throw ();
| #endif
| #define STDC_HEADERS 1
| #define HAVE_SYS_TYPES_H 1
| #define HAVE_SYS_STAT_H 1
| #define HAVE_STDLIB_H 1
| #define HAVE_STRING_H 1
| #define HAVE_MEMORY_H 1
| #define HAVE_STRINGS_H 1
| #define HAVE_INTTYPES_H 1
| #define HAVE_STDINT_H 1
| #define HAVE_UNISTD_H 1
| #define HAVE_DLFCN_H 1
| /* end confdefs.h.  */
| #include <ac_nonexistent.h>
configure:5934: checking for g77
configure:5963: result: no
configure:5934: checking for f77
configure:5963: result: no
configure:5934: checking for xlf
configure:5963: result: no
configure:5934: checking for frt
configure:5963: result: no
configure:5934: checking for pgf77
configure:5963: result: no
configure:5934: checking for fort77
configure:5963: result: no
configure:5934: checking for fl32
configure:5963: result: no
configure:5934: checking for af77
configure:5963: result: no
configure:5934: checking for f90
configure:5963: result: no
configure:5934: checking for xlf90
configure:5963: result: no
configure:5934: checking for pgf90
configure:5963: result: no
configure:5934: checking for epcf90
configure:5963: result: no
configure:5934: checking for f95
configure:5963: result: no
configure:5934: checking for fort
configure:5963: result: no
configure:5934: checking for xlf95
configure:5963: result: no
configure:5934: checking for ifc
configure:5963: result: no
configure:5934: checking for efc
configure:5963: result: no
configure:5934: checking for pgf95
configure:5963: result: no
configure:5934: checking for lf95
configure:5963: result: no
configure:5934: checking for gfortran
configure:5963: result: no
configure:5975: checking for Fortran 77 compiler version
configure:5978:  --version </dev/null >&5
./configure: line 5979: --version: command not found
configure:5981: $? = 127
configure:5983:  -v </dev/null >&5
./configure: line 5984: -v: command not found
configure:5986: $? = 127
configure:5988:  -V </dev/null >&5
./configure: line 5989: -V: command not found
configure:5991: $? = 127
configure:5999: checking whether we are using the GNU Fortran 77 compiler
configure:6013:  -c  conftest.F >&5
./configure: line 6014: -c: command not found
configure:6019: $? = 127
configure: failed program was:
|       program main
| #ifndef __GNUC__
|        choke me
| #endif
| 
|       end
configure:6045: result: no
configure:6051: checking whether  accepts -g
configure:6063:  -c -g conftest.f >&5
./configure: line 6064: -c: command not found
configure:6069: $? = 127
configure: failed program was:
|       program main
| 
|       end
configure:6094: result: no
configure:6124: checking the maximum length of command line arguments
configure:6203: result: 32768
configure:6214: checking command to parse /usr/bin/nm -B output from gcc object
configure:6310: gcc -c -O0  conftest.c >&5
configure:6313: $? = 0
configure:6317: /usr/bin/nm -B conftest.o \| sed -n -e 's/^.*[ 	]\([ABCDGIRSTW][ABCDGIRSTW]*\)[ 	][ 	]*\(\)\([_A-Za-z][_A-Za-z0-9]*\)$/\1 \2\3 \3/p' \> conftest.nm
configure:6320: $? = 0
configure:6372: gcc -o conftest -O0   conftest.c conftstm.o >&5
configure:6375: $? = 0
configure:6413: result: ok
configure:6417: checking for objdir
configure:6432: result: .libs
configure:6522: checking for ar
configure:6538: found /usr/bin/ar
configure:6549: result: ar
configure:6602: checking for ranlib
configure:6618: found /usr/bin/ranlib
configure:6629: result: ranlib
configure:6682: checking for strip
configure:6698: found /usr/bin/strip
configure:6709: result: strip
configure:6973: checking if gcc static flag  works
configure:6996: result: yes
configure:7014: checking if gcc supports -fno-rtti -fno-exceptions
configure:7032: gcc -c -O0  -fno-rtti -fno-exceptions conftest.c >&5
cc1: warning: command line option '-fno-rtti' is valid for C++/ObjC++ but not for C [enabled by default]
configure:7036: $? = 0
configure:7047: result: no
configure:7062: checking for gcc option to produce PIC
configure:7249: result: -fPIC
configure:7257: checking if gcc PIC flag -fPIC works
configure:7275: gcc -c -O0  -fPIC -DPIC conftest.c >&5
configure:7279: $? = 0
configure:7290: result: yes
configure:7314: checking if gcc supports -c -o file.o
configure:7335: gcc -c -O0  -o out/conftest2.o conftest.c >&5
configure:7339: $? = 0
configure:7359: result: yes
configure:7385: checking whether the gcc linker (/usr/bin/ld -m elf_x86_64) supports shared libraries
configure:8234: result: yes
configure:8260: checking whether -lc should be explicitly linked in
configure:8265: gcc -c -O0  conftest.c >&5
configure:8268: $? = 0
configure:8282: gcc -shared conftest.o  -v -Wl,-soname -Wl,conftest -o conftest 2\>\&1 \| grep  -lc  \>/dev/null 2\>\&1
configure:8285: $? = 0
configure:8297: result: no
configure:8305: checking dynamic linker characteristics
configure:8845: result: GNU/Linux ld.so
configure:8849: checking how to hardcode library paths into programs
configure:8874: result: immediate
configure:8888: checking whether stripping libraries is possible
configure:8893: result: yes
configure:9723: checking if libtool supports shared libraries
configure:9725: result: yes
configure:9728: checking whether to build shared libraries
configure:9749: result: yes
configure:9752: checking whether to build static libraries
configure:9756: result: yes
configure:9848: creating libtool
configure:10397: checking for ld used by g++
configure:10464: result: /usr/bin/ld -m elf_x86_64
configure:10473: checking if the linker (/usr/bin/ld -m elf_x86_64) is GNU ld
configure:10488: result: yes
configure:10539: checking whether the g++ linker (/usr/bin/ld -m elf_x86_64) supports shared libraries
configure:11406: result: yes
configure:11424: g++ -c -O0  conftest.cc >&5
configure:11427: $? = 0
configure:11523: checking for g++ option to produce PIC
configure:11785: result: -fPIC
configure:11793: checking if g++ PIC flag -fPIC works
configure:11811: g++ -c -O0  -fPIC -DPIC conftest.cc >&5
configure:11815: $? = 0
configure:11826: result: yes
configure:11850: checking if g++ supports -c -o file.o
configure:11871: g++ -c -O0  -o out/conftest2.o conftest.cc >&5
configure:11875: $? = 0
configure:11895: result: yes
configure:11921: checking whether the g++ linker (/usr/bin/ld -m elf_x86_64) supports shared libraries
configure:11946: result: yes
configure:12017: checking dynamic linker characteristics
configure:12557: result: GNU/Linux ld.so
configure:12561: checking how to hardcode library paths into programs
configure:12586: result: immediate
configure:12600: checking whether stripping libraries is possible
configure:12605: result: yes
configure:19867: checking whether to enable maintainer-specific portions of Makefiles
configure:19876: result: no
configure:19899: checking for inline
configure:19920: gcc -c -O0  conftest.c >&5
configure:19926: $? = 0
configure:19930: test -z 
			 || test ! -s conftest.err
configure:19933: $? = 0
configure:19936: test -s conftest.o
configure:19939: $? = 0
configure:19951: result: inline
configure:19974: checking whether byte ordering is bigendian
configure:20001: gcc -c -O0  conftest.c >&5
configure:20007: $? = 0
configure:20011: test -z 
			 || test ! -s conftest.err
configure:20014: $? = 0
configure:20017: test -s conftest.o
configure:20020: $? = 0
configure:20044: gcc -c -O0  conftest.c >&5
conftest.c: In function 'main':
conftest.c:30:2: error: unknown type name 'not'
conftest.c:30:10: error: expected '=', ',', ';', 'asm' or '__attribute__' before 'endian'
configure:20050: $? = 1
configure: failed program was:
| /* confdefs.h.  */
| 
| #define PACKAGE_NAME "lcms"
| #define PACKAGE_TARNAME "lcms"
| #define PACKAGE_VERSION "1.14"
| #define PACKAGE_STRING "lcms 1.14"
| #define PACKAGE_BUGREPORT ""
| #ifdef __cplusplus
| extern "C" void exit (int) throw ();
| #endif
| #define STDC_HEADERS 1
| #define HAVE_SYS_TYPES_H 1
| #define HAVE_SYS_STAT_H 1
| #define HAVE_STDLIB_H 1
| #define HAVE_STRING_H 1
| #define HAVE_MEMORY_H 1
| #define HAVE_STRINGS_H 1
| #define HAVE_INTTYPES_H 1
| #define HAVE_STDINT_H 1
| #define HAVE_UNISTD_H 1
| #define HAVE_DLFCN_H 1
| /* end confdefs.h.  */
| #include <sys/types.h>
| #include <sys/param.h>
| 
| int
| main ()
| {
| #if BYTE_ORDER != BIG_ENDIAN
|  not big endian
| #endif
| 
|   ;
|   return 0;
| }
configure:20185: result: no
configure:20223: checking for int
configure:20247: gcc -c -O0  conftest.c >&5
configure:20253: $? = 0
configure:20257: test -z 
			 || test ! -s conftest.err
configure:20260: $? = 0
configure:20263: test -s conftest.o
configure:20266: $? = 0
configure:20277: result: yes
configure:20280: checking size of int
configure:20599: gcc -o conftest -O0   conftest.c  >&5
configure:20602: $? = 0
configure:20604: ./conftest
configure:20607: $? = 0
configure:20630: result: 4
configure:20640: checking for unsigned int
configure:20664: gcc -c -O0  conftest.c >&5
configure:20670: $? = 0
configure:20674: test -z 
			 || test ! -s conftest.err
configure:20677: $? = 0
configure:20680: test -s conftest.o
configure:20683: $? = 0
configure:20694: result: yes
configure:20697: checking size of unsigned int
configure:21016: gcc -o conftest -O0   conftest.c  >&5
configure:21019: $? = 0
configure:21021: ./conftest
configure:21024: $? = 0
configure:21047: result: 4
configure:21057: checking for long
configure:21081: gcc -c -O0  conftest.c >&5
configure:21087: $? = 0
configure:21091: test -z 
			 || test ! -s conftest.err
configure:21094: $? = 0
configure:21097: test -s conftest.o
configure:21100: $? = 0
configure:21111: result: yes
configure:21114: checking size of long
configure:21433: gcc -o conftest -O0   conftest.c  >&5
configure:21436: $? = 0
configure:21438: ./conftest
configure:21441: $? = 0
configure:21464: result: 8
configure:21474: checking for unsigned long
configure:21498: gcc -c -O0  conftest.c >&5
configure:21504: $? = 0
configure:21508: test -z 
			 || test ! -s conftest.err
configure:21511: $? = 0
configure:21514: test -s conftest.o
configure:21517: $? = 0
configure:21528: result: yes
configure:21531: checking size of unsigned long
configure:21850: gcc -o conftest -O0   conftest.c  >&5
configure:21853: $? = 0
configure:21855: ./conftest
configure:21858: $? = 0
configure:21881: result: 8
configure:21892: checking for long long
configure:21916: gcc -c -O0  conftest.c >&5
configure:21922: $? = 0
configure:21926: test -z 
			 || test ! -s conftest.err
configure:21929: $? = 0
configure:21932: test -s conftest.o
configure:21935: $? = 0
configure:21946: result: yes
configure:21949: checking size of long long
configure:22268: gcc -o conftest -O0   conftest.c  >&5
configure:22271: $? = 0
configure:22273: ./conftest
configure:22276: $? = 0
configure:22299: result: 8
configure:22311: checking for unsigned long long
configure:22335: gcc -c -O0  conftest.c >&5
configure:22341: $? = 0
configure:22345: test -z 
			 || test ! -s conftest.err
configure:22348: $? = 0
configure:22351: test -s conftest.o
configure:22354: $? = 0
configure:22365: result: yes
configure:22368: checking size of unsigned long long
configure:22687: gcc -o conftest -O0   conftest.c  >&5
configure:22690: $? = 0
configure:22692: ./conftest
configure:22695: $? = 0
configure:22718: result: 8
configure:22730: checking for signed 8-bit type
configure:22733: result: char
configure:22737: checking for unsigned 8-bit type
configure:22740: result: unsigned char
configure:22744: checking for signed 16-bit type
configure:22747: result: short
configure:22751: checking for unsigned 16-bit type
configure:22754: result: unsigned short
configure:22758: checking for signed 32-bit type
configure:22768: result: int
configure:22772: checking for unsigned 32-bit type
configure:22782: result: unsigned int
configure:22786: checking for signed 64-bit type
configure:22796: result: long
configure:22800: checking for unsigned 64-bit type
configure:22810: result: unsigned long
configure:22819: checking for sqrt in -lm
configure:22849: gcc -o conftest -O0   conftest.c -lm   >&5
conftest.c:36:6: warning: conflicting types for built-in function 'sqrt' [enabled by default]
configure:22855: $? = 0
configure:22859: test -z 
			 || test ! -s conftest.err
configure:22862: $? = 0
configure:22865: test -s conftest
configure:22868: $? = 0
configure:22881: result: yes
configure:22897: checking for JPEG support 
configure:22899: result: 
configure:22913: checking jconfig.h usability
configure:22925: gcc -c -O0  conftest.c >&5
configure:22931: $? = 0
configure:22935: test -z 
			 || test ! -s conftest.err
configure:22938: $? = 0
configure:22941: test -s conftest.o
configure:22944: $? = 0
configure:22954: result: yes
configure:22958: checking jconfig.h presence
configure:22968: gcc -E  conftest.c
configure:22974: $? = 0
configure:22994: result: yes
configure:23029: checking for jconfig.h
configure:23036: result: yes
configure:23057: checking jerror.h usability
configure:23069: gcc -c -O0  conftest.c >&5
configure:23075: $? = 0
configure:23079: test -z 
			 || test ! -s conftest.err
configure:23082: $? = 0
configure:23085: test -s conftest.o
configure:23088: $? = 0
configure:23098: result: yes
configure:23102: checking jerror.h presence
configure:23112: gcc -E  conftest.c
configure:23118: $? = 0
configure:23138: result: yes
configure:23173: checking for jerror.h
configure:23180: result: yes
configure:23201: checking jmorecfg.h usability
configure:23213: gcc -c -O0  conftest.c >&5
configure:23219: $? = 0
configure:23223: test -z 
			 || test ! -s conftest.err
configure:23226: $? = 0
configure:23229: test -s conftest.o
configure:23232: $? = 0
configure:23242: result: yes
configure:23246: checking jmorecfg.h presence
configure:23256: gcc -E  conftest.c
configure:23262: $? = 0
configure:23282: result: yes
configure:23317: checking for jmorecfg.h
configure:23324: result: yes
configure:23345: checking jpeglib.h usability
configure:23357: gcc -c -O0  conftest.c >&5
configure:23363: $? = 0
configure:23367: test -z 
			 || test ! -s conftest.err
configure:23370: $? = 0
configure:23373: test -s conftest.o
configure:23376: $? = 0
configure:23386: result: yes
configure:23390: checking jpeglib.h presence
configure:23400: gcc -E  conftest.c
configure:23406: $? = 0
configure:23426: result: yes
configure:23461: checking for jpeglib.h
configure:23468: result: yes
configure:23479: checking for jpeg_read_header in -ljpeg
configure:23509: gcc -o conftest -O0   conftest.c -ljpeg  -lm  >&5
configure:23515: $? = 0
configure:23519: test -z 
			 || test ! -s conftest.err
configure:23522: $? = 0
configure:23525: test -s conftest
configure:23528: $? = 0
configure:23541: result: yes
configure:23552: checking for JPEG library is version 6b or later
configure:23581: gcc -c -O0  conftest.c >&5
configure:23587: $? = 0
configure:23591: test -z 
			 || test ! -s conftest.err
configure:23594: $? = 0
configure:23597: test -s conftest.o
configure:23600: $? = 0
configure:23611: result: yes
configure:23614: result: yes
configure:23623: checking if JPEG package is complete
configure:23640: result: yes
configure:23668: checking for ZLIB support 
configure:23670: result: 
configure:23684: checking zconf.h usability
configure:23696: gcc -c -O0  conftest.c >&5
configure:23702: $? = 0
configure:23706: test -z 
			 || test ! -s conftest.err
configure:23709: $? = 0
configure:23712: test -s conftest.o
configure:23715: $? = 0
configure:23725: result: yes
configure:23729: checking zconf.h presence
configure:23739: gcc -E  conftest.c
configure:23745: $? = 0
configure:23765: result: yes
configure:23800: checking for zconf.h
configure:23807: result: yes
configure:23828: checking zlib.h usability
configure:23840: gcc -c -O0  conftest.c >&5
configure:23846: $? = 0
configure:23850: test -z 
			 || test ! -s conftest.err
configure:23853: $? = 0
configure:23856: test -s conftest.o
configure:23859: $? = 0
configure:23869: result: yes
configure:23873: checking zlib.h presence
configure:23883: gcc -E  conftest.c
configure:23889: $? = 0
configure:23909: result: yes
configure:23944: checking for zlib.h
configure:23951: result: yes
configure:23962: checking for compress in -lz
configure:23992: gcc -o conftest -O0   conftest.c -lz  -ljpeg -lm  >&5
configure:23998: $? = 0
configure:24002: test -z 
			 || test ! -s conftest.err
configure:24005: $? = 0
configure:24008: test -s conftest
configure:24011: $? = 0
configure:24024: result: yes
configure:24032: checking for uncompress in -lz
configure:24062: gcc -o conftest -O0   conftest.c -lz  -ljpeg -lm  >&5
configure:24068: $? = 0
configure:24072: test -z 
			 || test ! -s conftest.err
configure:24075: $? = 0
configure:24078: test -s conftest
configure:24081: $? = 0
configure:24094: result: yes
configure:24102: checking for deflate in -lz
configure:24132: gcc -o conftest -O0   conftest.c -lz  -ljpeg -lm  >&5
configure:24138: $? = 0
configure:24142: test -z 
			 || test ! -s conftest.err
configure:24145: $? = 0
configure:24148: test -s conftest
configure:24151: $? = 0
configure:24164: result: yes
configure:24172: checking for inflate in -lz
configure:24202: gcc -o conftest -O0   conftest.c -lz  -ljpeg -lm  >&5
configure:24208: $? = 0
configure:24212: test -z 
			 || test ! -s conftest.err
configure:24215: $? = 0
configure:24218: test -s conftest
configure:24221: $? = 0
configure:24234: result: yes
configure:24242: checking for gzseek in -lz
configure:24272: gcc -o conftest -O0   conftest.c -lz  -ljpeg -lm  >&5
configure:24278: $? = 0
configure:24282: test -z 
			 || test ! -s conftest.err
configure:24285: $? = 0
configure:24288: test -s conftest
configure:24291: $? = 0
configure:24304: result: yes
configure:24312: checking for gztell in -lz
configure:24342: gcc -o conftest -O0   conftest.c -lz  -ljpeg -lm  >&5
configure:24348: $? = 0
configure:24352: test -z 
			 || test ! -s conftest.err
configure:24355: $? = 0
configure:24358: test -s conftest
configure:24361: $? = 0
configure:24374: result: yes
configure:24382: checking if ZLIB package is complete
configure:24399: result: yes
configure:24427: checking for TIFF support 
configure:24429: result: 
configure:24443: checking tiff.h usability
configure:24455: gcc -c -O0  conftest.c >&5
configure:24461: $? = 0
configure:24465: test -z 
			 || test ! -s conftest.err
configure:24468: $? = 0
configure:24471: test -s conftest.o
configure:24474: $? = 0
configure:24484: result: yes
configure:24488: checking tiff.h presence
configure:24498: gcc -E  conftest.c
configure:24504: $? = 0
configure:24524: result: yes
configure:24559: checking for tiff.h
configure:24566: result: yes
configure:24587: checking tiffio.h usability
configure:24599: gcc -c -O0  conftest.c >&5
configure:24605: $? = 0
configure:24609: test -z 
			 || test ! -s conftest.err
configure:24612: $? = 0
configure:24615: test -s conftest.o
configure:24618: $? = 0
configure:24628: result: yes
configure:24632: checking tiffio.h presence
configure:24642: gcc -E  conftest.c
configure:24648: $? = 0
configure:24668: result: yes
configure:24703: checking for tiffio.h
configure:24710: result: yes
configure:24721: checking for TIFFOpen in -ltiff
configure:24751: gcc -o conftest -O0   conftest.c -ltiff  -lz -ljpeg -lm  >&5
configure:24757: $? = 0
configure:24761: test -z 
			 || test ! -s conftest.err
configure:24764: $? = 0
configure:24767: test -s conftest
configure:24770: $? = 0
configure:24783: result: yes
configure:24791: checking for TIFFClientOpen in -ltiff
configure:24821: gcc -o conftest -O0   conftest.c -ltiff  -lz -ljpeg -lm  >&5
configure:24827: $? = 0
configure:24831: test -z 
			 || test ! -s conftest.err
configure:24834: $? = 0
configure:24837: test -s conftest
configure:24840: $? = 0
configure:24853: result: yes
configure:24861: checking for TIFFIsByteSwapped in -ltiff
configure:24891: gcc -o conftest -O0   conftest.c -ltiff  -lz -ljpeg -lm  >&5
configure:24897: $? = 0
configure:24901: test -z 
			 || test ! -s conftest.err
configure:24904: $? = 0
configure:24907: test -s conftest
configure:24910: $? = 0
configure:24923: result: yes
configure:24933: checking if TIFF package is complete
configure:24950: result: yes
configure:24967: checking tiffconf.h usability
configure:24979: gcc -c -O0  conftest.c >&5
configure:24985: $? = 0
configure:24989: test -z 
			 || test ! -s conftest.err
configure:24992: $? = 0
configure:24995: test -s conftest.o
configure:24998: $? = 0
configure:25008: result: yes
configure:25012: checking tiffconf.h presence
configure:25022: gcc -E  conftest.c
configure:25028: $? = 0
configure:25048: result: yes
configure:25083: checking for tiffconf.h
configure:25090: result: yes
configure:25344: creating ./config.status

## ---------------------- ##
## Running config.status. ##
## ---------------------- ##

This file was extended by lcms config.status 1.14, which was
generated by GNU Autoconf 2.59.  Invocation command line was

  CONFIG_FILES    = 
  CONFIG_HEADERS  = 
  CONFIG_LINKS    = 
  CONFIG_COMMANDS = 
  $ ./config.status 

on cg44-2

config.status:767: creating Makefile
config.status:767: creating lcms.pc
config.status:767: creating include/icc34.h
config.status:767: creating include/Makefile
config.status:767: creating jpegicc/Makefile
config.status:767: creating python/Makefile
config.status:767: creating samples/Makefile
config.status:767: creating testbed/Makefile
config.status:767: creating tifficc/Makefile
config.status:767: creating src/Makefile
config.status:950: executing depfiles commands

## ---------------- ##
## Cache variables. ##
## ---------------- ##

ac_cv_build=x86_64-unknown-linux-gnu
ac_cv_build_alias=x86_64-unknown-linux-gnu
ac_cv_c_bigendian=no
ac_cv_c_compiler_gnu=yes
ac_cv_c_inline=inline
ac_cv_cxx_compiler_gnu=yes
ac_cv_env_CC_set=
ac_cv_env_CC_value=
ac_cv_env_CFLAGS_set=set
ac_cv_env_CFLAGS_value=-O0
ac_cv_env_CPPFLAGS_set=
ac_cv_env_CPPFLAGS_value=
ac_cv_env_CPP_set=
ac_cv_env_CPP_value=
ac_cv_env_CXXCPP_set=
ac_cv_env_CXXCPP_value=
ac_cv_env_CXXFLAGS_set=set
ac_cv_env_CXXFLAGS_value=-O0
ac_cv_env_CXX_set=
ac_cv_env_CXX_value=
ac_cv_env_F77_set=
ac_cv_env_F77_value=
ac_cv_env_FFLAGS_set=
ac_cv_env_FFLAGS_value=
ac_cv_env_LDFLAGS_set=
ac_cv_env_LDFLAGS_value=
ac_cv_env_build_alias_set=
ac_cv_env_build_alias_value=
ac_cv_env_host_alias_set=
ac_cv_env_host_alias_value=
ac_cv_env_target_alias_set=
ac_cv_env_target_alias_value=
ac_cv_exeext=
ac_cv_f77_compiler_gnu=no
ac_cv_header_dlfcn_h=yes
ac_cv_header_inttypes_h=yes
ac_cv_header_jconfig_h=yes
ac_cv_header_jerror_h=yes
ac_cv_header_jmorecfg_h=yes
ac_cv_header_jpeglib_h=yes
ac_cv_header_memory_h=yes
ac_cv_header_stdc=yes
ac_cv_header_stdint_h=yes
ac_cv_header_stdlib_h=yes
ac_cv_header_string_h=yes
ac_cv_header_strings_h=yes
ac_cv_header_sys_stat_h=yes
ac_cv_header_sys_types_h=yes
ac_cv_header_tiff_h=yes
ac_cv_header_tiffconf_h=yes
ac_cv_header_tiffio_h=yes
ac_cv_header_unistd_h=yes
ac_cv_header_zconf_h=yes
ac_cv_header_zlib_h=yes
ac_cv_host=x86_64-unknown-linux-gnu
ac_cv_host_alias=x86_64-unknown-linux-gnu
ac_cv_jpeg_version_ok=yes
ac_cv_lib_jpeg_jpeg_read_header=yes
ac_cv_lib_m_sqrt=yes
ac_cv_lib_tiff_TIFFClientOpen=yes
ac_cv_lib_tiff_TIFFIsByteSwapped=yes
ac_cv_lib_tiff_TIFFOpen=yes
ac_cv_lib_z_compress=yes
ac_cv_lib_z_deflate=yes
ac_cv_lib_z_gzseek=yes
ac_cv_lib_z_gztell=yes
ac_cv_lib_z_inflate=yes
ac_cv_lib_z_uncompress=yes
ac_cv_objext=o
ac_cv_path_install='/usr/bin/install -c'
ac_cv_prog_AWK=mawk
ac_cv_prog_CPP='gcc -E'
ac_cv_prog_CXXCPP='g++ -E'
ac_cv_prog_ac_ct_AR=ar
ac_cv_prog_ac_ct_CC=gcc
ac_cv_prog_ac_ct_CXX=g++
ac_cv_prog_ac_ct_RANLIB=ranlib
ac_cv_prog_ac_ct_STRIP=strip
ac_cv_prog_cc_g=yes
ac_cv_prog_cc_stdc=
ac_cv_prog_cxx_g=yes
ac_cv_prog_egrep='grep -E'
ac_cv_prog_f77_g=no
ac_cv_prog_make_make_set=yes
ac_cv_sizeof_int=4
ac_cv_sizeof_long=8
ac_cv_sizeof_long_long=8
ac_cv_sizeof_unsigned_int=4
ac_cv_sizeof_unsigned_long=8
ac_cv_sizeof_unsigned_long_long=8
ac_cv_target=x86_64-unknown-linux-gnu
ac_cv_target_alias=x86_64-unknown-linux-gnu
ac_cv_type_int=yes
ac_cv_type_long=yes
ac_cv_type_long_long=yes
ac_cv_type_unsigned_int=yes
ac_cv_type_unsigned_long=yes
ac_cv_type_unsigned_long_long=yes
am_cv_CC_dependencies_compiler_type=none
am_cv_CXX_dependencies_compiler_type=none
lt_cv_deplibs_check_method=pass_all
lt_cv_file_magic_cmd='$MAGIC_CMD'
lt_cv_file_magic_test_file=
lt_cv_ld_reload_flag=-r
lt_cv_objdir=.libs
lt_cv_path_LD=/usr/bin/ld
lt_cv_path_LDCXX='/usr/bin/ld -m elf_x86_64'
lt_cv_path_NM='/usr/bin/nm -B'
lt_cv_path_SED=/bin/sed
lt_cv_prog_compiler_c_o=yes
lt_cv_prog_compiler_c_o_CXX=yes
lt_cv_prog_compiler_rtti_exceptions=no
lt_cv_prog_gnu_ld=yes
lt_cv_prog_gnu_ldcxx=yes
lt_cv_sys_global_symbol_pipe='sed -n -e '\''s/^.*[ 	]\([ABCDGIRSTW][ABCDGIRSTW]*\)[ 	][ 	]*\(\)\([_A-Za-z][_A-Za-z0-9]*\)$/\1 \2\3 \3/p'\'''
lt_cv_sys_global_symbol_to_c_name_address='sed -n -e '\''s/^: \([^ ]*\) $/  {\"\1\", (lt_ptr) 0},/p'\'' -e '\''s/^[BCDEGRST] \([^ ]*\) \([^ ]*\)$/  {"\2", (lt_ptr) \&\2},/p'\'''
lt_cv_sys_global_symbol_to_cdecl='sed -n -e '\''s/^. .* \(.*\)$/extern int \1;/p'\'''
lt_cv_sys_max_cmd_len=32768
lt_lt_cv_prog_compiler_c_o='"yes"'
lt_lt_cv_prog_compiler_c_o_CXX='"yes"'
lt_lt_cv_sys_global_symbol_pipe='"sed -n -e '\''s/^.*[ 	]\\([ABCDGIRSTW][ABCDGIRSTW]*\\)[ 	][ 	]*\\(\\)\\([_A-Za-z][_A-Za-z0-9]*\\)\$/\\1 \\2\\3 \\3/p'\''"'
lt_lt_cv_sys_global_symbol_to_c_name_address='"sed -n -e '\''s/^: \\([^ ]*\\) \$/  {\\\"\\1\\\", (lt_ptr) 0},/p'\'' -e '\''s/^[BCDEGRST] \\([^ ]*\\) \\([^ ]*\\)\$/  {\"\\2\", (lt_ptr) \\&\\2},/p'\''"'
lt_lt_cv_sys_global_symbol_to_cdecl='"sed -n -e '\''s/^. .* \\(.*\\)\$/extern int \\1;/p'\''"'

## ----------------- ##
## Output variables. ##
## ----------------- ##

ACLOCAL='aclocal-1.9'
AMDEPBACKSLASH='\'
AMDEP_FALSE='#'
AMDEP_TRUE=''
AMTAR='tar'
AR='ar'
AS='as'
AUTOCONF='autoconf'
AUTOHEADER='autoheader'
AUTOMAKE='automake-1.9'
AWK='mawk'
CC='gcc'
CCDEPMODE='depmode=none'
CFLAGS='-O0'
CPP='gcc -E'
CPPFLAGS=''
CXX='g++'
CXXCPP='g++ -E'
CXXDEPMODE='depmode=none'
CXXFLAGS='-O0'
CYGPATH_W='echo'
DEFS='-DPACKAGE_NAME=\"lcms\" -DPACKAGE_TARNAME=\"lcms\" -DPACKAGE_VERSION=\"1.14\" -DPACKAGE_STRING=\"lcms\ 1.14\" -DPACKAGE_BUGREPORT=\"\" -DSTDC_HEADERS=1 -DHAVE_SYS_TYPES_H=1 -DHAVE_SYS_STAT_H=1 -DHAVE_STDLIB_H=1 -DHAVE_STRING_H=1 -DHAVE_MEMORY_H=1 -DHAVE_STRINGS_H=1 -DHAVE_INTTYPES_H=1 -DHAVE_STDINT_H=1 -DHAVE_UNISTD_H=1 -DHAVE_DLFCN_H=1 -DSIZEOF_INT=4 -DSIZEOF_UNSIGNED_INT=4 -DSIZEOF_LONG=8 -DSIZEOF_UNSIGNED_LONG=8 -DSIZEOF_LONG_LONG=8 -DSIZEOF_UNSIGNED_LONG_LONG=8 -DHasJPEG=1 -DHasZLIB=1 -DHasTIFF=1 -DHAVE_TIFFCONF_H=1 '
DEPDIR='.deps'
DLLTOOL='dlltool'
ECHO='echo'
ECHO_C=''
ECHO_N='-n'
ECHO_T=''
EGREP='grep -E'
EXEEXT=''
F77=''
FFLAGS=''
HasJPEG_FALSE='#'
HasJPEG_TRUE=''
HasTIFF_FALSE='#'
HasTIFF_TRUE=''
HasZLIB_FALSE='#'
HasZLIB_TRUE=''
INSTALL_DATA='${INSTALL} -m 644'
INSTALL_PROGRAM='${INSTALL}'
INSTALL_SCRIPT='${INSTALL}'
INSTALL_STRIP_PROGRAM='${SHELL} $(install_sh) -c -s'
INT16_T='short'
INT32_T='int'
INT64_T='long'
INT8_T='char'
JPEGICC_DEPLIBS='-ljpeg -lm'
LCMS_LIB_DEPLIBS='-lm'
LD='/usr/bin/ld -m elf_x86_64'
LDFLAGS=''
LIBOBJS=''
LIBRARY_AGE='0'
LIBRARY_CURRENT='1'
LIBRARY_REVISION='14'
LIBS=''
LIBTOOL='$(SHELL) $(top_builddir)/libtool'
LIBTOOL_DEPS='./ltmain.sh'
LIB_JPEG='-ljpeg'
LIB_MATH='-lm'
LIB_TIFF='-ltiff'
LIB_ZLIB='-lz'
LN_S='ln -s'
LTLIBOBJS=''
MAINT='#'
MAINTAINER_MODE_FALSE=''
MAINTAINER_MODE_TRUE='#'
MAKEINFO='makeinfo'
OBJDUMP='objdump'
OBJEXT='o'
PACKAGE='lcms'
PACKAGE_BUGREPORT=''
PACKAGE_NAME='lcms'
PACKAGE_STRING='lcms 1.14'
PACKAGE_TARNAME='lcms'
PACKAGE_VERSION='1.14'
PATH_SEPARATOR=':'
PYTHON=''
PYTHON_EXEC_PREFIX=''
PYTHON_PLATFORM=''
PYTHON_PREFIX=''
PYTHON_VERSION=''
RANLIB='ranlib'
SET_MAKE=''
SHELL='/bin/bash'
STRIP='strip'
SUPPORT_PYTHON_FALSE=''
SUPPORT_PYTHON_TRUE='#'
SWIG=''
TIFFICC_DEPLIBS='-ltiff -ljpeg -lz -lm'
UINT16_T='unsigned short'
UINT32_T='unsigned int'
UINT64_T='unsigned long'
UINT8_T='unsigned char'
VERSION='1.14'
ac_ct_AR='ar'
ac_ct_AS=''
ac_ct_CC='gcc'
ac_ct_CXX='g++'
ac_ct_DLLTOOL=''
ac_ct_F77=''
ac_ct_OBJDUMP=''
ac_ct_RANLIB='ranlib'
ac_ct_STRIP='strip'
am__fastdepCC_FALSE=''
am__fastdepCC_TRUE='#'
am__fastdepCXX_FALSE=''
am__fastdepCXX_TRUE='#'
am__include='include'
am__leading_dot='.'
am__quote=''
am__tar='${AMTAR} chof - "$$tardir"'
am__untar='${AMTAR} xf -'
bindir='${exec_prefix}/bin'
build='x86_64-unknown-linux-gnu'
build_alias=''
build_cpu='x86_64'
build_os='linux-gnu'
build_vendor='unknown'
datadir='${prefix}/share'
exec_prefix='${prefix}'
host='x86_64-unknown-linux-gnu'
host_alias=''
host_cpu='x86_64'
host_os='linux-gnu'
host_vendor='unknown'
includedir='${prefix}/include'
infodir='${prefix}/info'
inline=''
install_sh='/usr/src/libecwj2-3.3.20060906/Source/C/NCSEcw/lcms/install-sh'
libdir='${exec_prefix}/lib'
libexecdir='${exec_prefix}/libexec'
localstatedir='${prefix}/var'
mandir='${prefix}/man'
mkdir_p='mkdir -p --'
oldincludedir='/usr/include'
pkgpyexecdir=''
pkgpythondir=''
prefix='/usr/local'
program_transform_name='s,x,x,'
pyexecdir=''
pythondir=''
sbindir='${exec_prefix}/sbin'
sharedstatedir='${prefix}/com'
sysconfdir='${prefix}/etc'
target='x86_64-unknown-linux-gnu'
target_alias=''
target_cpu='x86_64'
target_os='linux-gnu'
target_vendor='unknown'

## ----------- ##
## confdefs.h. ##
## ----------- ##

#define HAVE_DLFCN_H 1
#define HAVE_INTTYPES_H 1
#define HAVE_MEMORY_H 1
#define HAVE_STDINT_H 1
#define HAVE_STDLIB_H 1
#define HAVE_STRINGS_H 1
#define HAVE_STRING_H 1
#define HAVE_SYS_STAT_H 1
#define HAVE_SYS_TYPES_H 1
#define HAVE_TIFFCONF_H 1
#define HAVE_UNISTD_H 1
#define HasJPEG 1
#define HasTIFF 1
#define HasZLIB 1
#define PACKAGE_BUGREPORT ""
#define PACKAGE_NAME "lcms"
#define PACKAGE_STRING "lcms 1.14"
#define PACKAGE_TARNAME "lcms"
#define PACKAGE_VERSION "1.14"
#define SIZEOF_INT 4
#define SIZEOF_LONG 8
#define SIZEOF_LONG_LONG 8
#define SIZEOF_UNSIGNED_INT 4
#define SIZEOF_UNSIGNED_LONG 8
#define SIZEOF_UNSIGNED_LONG_LONG 8
#define STDC_HEADERS 1
#endif
#ifdef __cplusplus
extern "C" void exit (int) throw ();

configure: exit 0
